Determining if the function pthread_create exists in the pthreads failed with the following output:
Change Dir: /home/hri/ros_workspace/kinect_aux/build/CMakeFiles/CMakeTmp

Run Build Command:/usr/bin/make "cmTryCompileExec/fast"
make[1]: Entering directory `/home/hri/ros_workspace/kinect_aux/build/CMakeFiles/CMakeTmp'
/usr/bin/make -f CMakeFiles/cmTryCompileExec.dir/build.make CMakeFiles/cmTryCompileExec.dir/build
make[2]: Entering directory `/home/hri/ros_workspace/kinect_aux/build/CMakeFiles/CMakeTmp'
/usr/bin/cmake -E cmake_progress_report /home/hri/ros_workspace/kinect_aux/build/CMakeFiles/CMakeTmp/CMakeFiles 1
Building C object CMakeFiles/cmTryCompileExec.dir/CheckFunctionExists.c.o
/usr/bin/gcc   -DCHECK_FUNCTION_EXISTS=pthread_create   -o CMakeFiles/cmTryCompileExec.dir/CheckFunctionExists.c.o   -c /usr/share/cmake-2.8/Modules/CheckFunctionExists.c
Linking C executable cmTryCompileExec
/usr/bin/cmake -E cmake_link_script CMakeFiles/cmTryCompileExec.dir/link.txt --verbose=1
/usr/bin/gcc     -DCHECK_FUNCTION_EXISTS=pthread_create    CMakeFiles/cmTryCompileExec.dir/CheckFunctionExists.c.o  -o cmTryCompileExec -rdynamic -lpthreads 
/usr/bin/ld: cannot find -lpthreads
collect2: ld returned 1 exit status
make[2]: Leaving directory `/home/hri/ros_workspace/kinect_aux/build/CMakeFiles/CMakeTmp'
make[2]: *** [cmTryCompileExec] Error 1
make[1]: *** [cmTryCompileExec/fast] Error 2
make[1]: Leaving directory `/home/hri/ros_workspace/kinect_aux/build/CMakeFiles/CMakeTmp'


Determining if the pthread_create exist failed with the following output:
Change Dir: /home/hri/ros_workspace/kinect_aux/build/CMakeFiles/CMakeTmp

Run Build Command:/usr/bin/make "cmTryCompileExec2751940562/fast"
make[1]: Entering directory `/home/hri/ros_workspace/kinect_aux/build/CMakeFiles/CMakeTmp'
/usr/bin/make -f CMakeFiles/cmTryCompileExec2751940562.dir/build.make CMakeFiles/cmTryCompileExec2751940562.dir/build
make[2]: Entering directory `/home/hri/ros_workspace/kinect_aux/build/CMakeFiles/CMakeTmp'
/usr/bin/cmake -E cmake_progress_report /home/hri/ros_workspace/kinect_aux/build/CMakeFiles/CMakeTmp/CMakeFiles 1
Building C object CMakeFiles/cmTryCompileExec2751940562.dir/CheckSymbolExists.c.o
/usr/bin/gcc    -o CMakeFiles/cmTryCompileExec2751940562.dir/CheckSymbolExists.c.o   -c /home/hri/ros_workspace/kinect_aux/build/CMakeFiles/CMakeTmp/CheckSymbolExists.c
Linking C executable cmTryCompileExec2751940562
/usr/bin/cmake -E cmake_link_script CMakeFiles/cmTryCompileExec2751940562.dir/link.txt --verbose=1
/usr/bin/gcc       CMakeFiles/cmTryCompileExec2751940562.dir/CheckSymbolExists.c.o  -o cmTryCompileExec2751940562 -rdynamic 
CMakeFiles/cmTryCompileExec2751940562.dir/CheckSymbolExists.c.o: In function `main':
CheckSymbolExists.c:(.text+0x16): undefined reference to `pthread_create'
collect2: error: ld returned 1 exit status
make[2]: *** [cmTryCompileExec2751940562] Error 1
make[2]: Leaving directory `/home/hri/ros_workspace/kinect_aux/build/CMakeFiles/CMakeTmp'
make[1]: *** [cmTryCompileExec2751940562/fast] Error 2
make[1]: Leaving directory `/home/hri/ros_workspace/kinect_aux/build/CMakeFiles/CMakeTmp'

File /home/hri/ros_workspace/kinect_aux/build/CMakeFiles/CMakeTmp/CheckSymbolExists.c:
/* */
#include <pthread.h>

int main(int argc, char** argv)
{
  (void)argv;
#ifndef pthread_create
  return ((int*)(&pthread_create))[argc];
#else
  (void)argc;
  return 0;
#endif
}

